<?xml version="1.0" encoding="UTF-8"?>
<!-- Generated by org.testng.reporters.JUnitReportReporter -->
<testsuite skipped="0" hostname="DESKTOP-ONQP60F" name="com.crm.contacttest.ContactTest" tests="2" failures="0" timestamp="2021-10-22T20:57:50 IST" time="0.021" errors="0">
  <testcase name="ContactTest" time="0.016" classname="com.crm.contacttest.ContactTest"/>
  <system-out/>
  <testcase name="editContactTest" time="0.005" classname="com.crm.contacttest.ContactTest"/>
  <system-out/>
</testsuite> <!-- com.crm.contacttest.ContactTest -->
