<?xml version="1.0" encoding="UTF-8"?>
<!-- Generated by org.testng.reporters.JUnitReportReporter -->
<testsuite skipped="0" hostname="DESKTOP-ONQP60F" name="com.crm.orgtest.OrgTest" tests="1" failures="0" timestamp="2021-10-22T20:58:16 IST" time="0.017" errors="0">
  <testcase name="OrgTest" time="0.017" classname="com.crm.orgtest.OrgTest"/>
  <system-out/>
</testsuite> <!-- com.crm.orgtest.OrgTest -->
