<?xml version="1.0" encoding="UTF-8"?>
<!-- Generated by org.testng.reporters.JUnitReportReporter -->
<testsuite skipped="0" hostname="DESKTOP-ONQP60F" name="testScript.TC_19CreateContacts" tests="1" failures="0" timestamp="2021-10-07T23:17:17 IST" time="20.246" errors="0">
  <testcase name="SelectsendMail" time="20.246" classname="testScript.TC_19CreateContacts"/>
  <system-out/>
</testsuite> <!-- testScript.TC_19CreateContacts -->
