<?xml version="1.0" encoding="UTF-8"?>
<!-- Generated by org.testng.reporters.JUnitReportReporter -->
<testsuite skipped="0" hostname="DESKTOP-ONQP60F" name="testScript.TC_20CreateContacts" tests="1" failures="0" timestamp="2021-10-07T23:23:00 IST" time="27.329" errors="0">
  <testcase name="CreateContacts" time="27.329" classname="testScript.TC_20CreateContacts"/>
  <system-out/>
</testsuite> <!-- testScript.TC_20CreateContacts -->
