<?xml version="1.0" encoding="UTF-8"?>
<!-- Generated by org.testng.reporters.JUnitReportReporter -->
<testsuite skipped="0" hostname="DESKTOP-ONQP60F" name="testScript.TC_17CreateContacts" tests="1" failures="0" timestamp="2021-10-07T23:02:38 IST" time="20.106" errors="0">
  <testcase name="DuplicateContacts" time="20.106" classname="testScript.TC_17CreateContacts"/>
  <system-out/>
</testsuite> <!-- testScript.TC_17CreateContacts -->
