<?xml version="1.0" encoding="UTF-8"?>
<!-- Generated by org.testng.reporters.JUnitReportReporter -->
<testsuite skipped="0" hostname="DESKTOP-ONQP60F" name="testScript.TC_18CreateContacts" tests="1" failures="0" timestamp="2021-10-07T23:12:35 IST" time="25.830" errors="0">
  <testcase name="Compasemail" time="25.830" classname="testScript.TC_18CreateContacts"/>
  <system-out/>
</testsuite> <!-- testScript.TC_18CreateContacts -->
