<?xml version="1.0" encoding="UTF-8"?>
<!-- Generated by org.testng.reporters.JUnitReportReporter -->
<testsuite hostname="LAPTOP-KB6UDKRL" failures="0" tests="10" name="scriptsContacts.TC_12_createcontact_assignedTo_Teamselling_Group" time="99.212" errors="0" timestamp="2021-10-18T10:22:08 IST" skipped="0">
  <testcase classname="scriptsContacts.TC_12_createcontact_assignedTo_Teamselling_Group" name="createcontact_assignedTo_Teamselling_Group" time="9.765"/>
  <system-out/>
  <testcase classname="scriptsContacts.TC_12_createcontact_assignedTo_Teamselling_Group" name="createcontact_assignedTo_Teamselling_Group" time="10.878"/>
  <system-out/>
  <testcase classname="scriptsContacts.TC_12_createcontact_assignedTo_Teamselling_Group" name="createcontact_assignedTo_Teamselling_Group" time="9.927"/>
  <system-out/>
  <testcase classname="scriptsContacts.TC_12_createcontact_assignedTo_Teamselling_Group" name="createcontact_assignedTo_Teamselling_Group" time="9.350"/>
  <system-out/>
  <testcase classname="scriptsContacts.TC_12_createcontact_assignedTo_Teamselling_Group" name="createcontact_assignedTo_Teamselling_Group" time="10.006"/>
  <system-out/>
  <testcase classname="scriptsContacts.TC_12_createcontact_assignedTo_Teamselling_Group" name="createcontact_assignedTo_Teamselling_Group" time="9.584"/>
  <system-out/>
  <testcase classname="scriptsContacts.TC_12_createcontact_assignedTo_Teamselling_Group" name="createcontact_assignedTo_Teamselling_Group" time="9.993"/>
  <system-out/>
  <testcase classname="scriptsContacts.TC_12_createcontact_assignedTo_Teamselling_Group" name="createcontact_assignedTo_Teamselling_Group" time="9.474"/>
  <system-out/>
  <testcase classname="scriptsContacts.TC_12_createcontact_assignedTo_Teamselling_Group" name="createcontact_assignedTo_Teamselling_Group" time="9.919"/>
  <system-out/>
  <testcase classname="scriptsContacts.TC_12_createcontact_assignedTo_Teamselling_Group" name="createcontact_assignedTo_Teamselling_Group" time="10.316"/>
  <system-out/>
</testsuite> <!-- scriptsContacts.TC_12_createcontact_assignedTo_Teamselling_Group -->
